<?xml version="1.0" encoding="UTF-8"?>
<!-- Generated by org.testng.reporters.JUnitXMLReporter -->
<testsuite ignored="3" hostname="sudhir-kumar" failures="7" tests="25" name="Hello" time="0.323" errors="0" timestamp="2020-03-16T21:20:01 IST">
  <testcase classname="com.app.test.SkipTest" name="m3" time="0.014"/>
  <testcase classname="com.app.test.SkipTest" name="m4" time="0.005"/>
  <testcase classname="com.app.test.SkipTest" name="m5" time="0.007">
    <skipped/>
  </testcase> <!-- m5 -->
  <testcase classname="com.app.test.DependsOnMethods" name="f1" time="0.011">
    <failure type="java.lang.AssertionError" message="expected [true] but found [false]">
      <![CDATA[java.lang.AssertionError: expected [true] but found [false]
at com.app.test.DependsOnMethods.f1(DependsOnMethods.java:8)
at java.base/java.util.ArrayList.forEach(ArrayList.java:1540)
... Removed 32 stack frames]]>
    </failure>
  </testcase> <!-- f1 -->
  <testcase classname="com.app.test.DependsOnMethods" name="f2" time="0.0">
    <skipped/>
  </testcase> <!-- f2 -->
  <testcase classname="com.app.test.DependsOnMethods" name="f3" time="0.003">
    <failure type="java.lang.AssertionError" message="expected [true] but found [false]">
      <![CDATA[java.lang.AssertionError: expected [true] but found [false]
at com.app.test.DependsOnMethods.f3(DependsOnMethods.java:17)
at java.base/java.util.ArrayList.forEach(ArrayList.java:1540)
... Removed 32 stack frames]]>
    </failure>
  </testcase> <!-- f3 -->
  <testcase classname="com.app.test.DependsOnMethods" name="f4" time="0.003"/>
  <testcase classname="com.app.test.DependsOnMethods" name="f5" time="0.003"/>
  <testcase classname="com.app.test.DependsOnMethods" name="f6" time="0.001"/>
  <testcase classname="com.app.test.Grouping" name="f" time="0.002"/>
  <testcase classname="com.app.test.Grouping" name="f1" time="0.002">
    <failure type="java.lang.AssertionError" message="expected [true] but found [false]">
      <![CDATA[java.lang.AssertionError: expected [true] but found [false]
at com.app.test.Grouping.f1(Grouping.java:12)
at java.base/java.util.ArrayList.forEach(ArrayList.java:1540)
... Removed 32 stack frames]]>
    </failure>
  </testcase> <!-- f1 -->
  <testcase classname="com.app.test.Grouping" name="f3" time="0.002">
    <failure type="java.lang.AssertionError" message="expected [true] but found [false]">
      <![CDATA[java.lang.AssertionError: expected [true] but found [false]
at com.app.test.Grouping.f3(Grouping.java:21)
at java.base/java.util.ArrayList.forEach(ArrayList.java:1540)
... Removed 32 stack frames]]>
    </failure>
  </testcase> <!-- f3 -->
  <testcase classname="com.app.test.Grouping" name="f5" time="0.002"/>
  <testcase classname="com.app.test.Grouping" name="f6" time="0.0">
    <skipped/>
  </testcase> <!-- f6 -->
  <testcase classname="com.app.test.Grouping" name="f4" time="0.002"/>
  <testcase classname="com.app.test.Param" name="f" time="0.0">
    <failure type="org.testng.TestNGException" message="
Parameter &amp;apos;a1&amp;apos; is required by @Test on method f but has not been marked @Optional or defined
in D:\WorkSpace\NewMaven\Checking.xml">
      <![CDATA[org.testng.TestNGException: 
Parameter 'a1' is required by @Test on method f but has not been marked @Optional or defined
in D:\WorkSpace\NewMaven\Checking.xml
at java.base/java.util.ArrayList.forEach(ArrayList.java:1540)
... Removed 27 stack frames]]>
    </failure>
  </testcase> <!-- f -->
  <testcase classname="com.app.test.Param" name="f1" time="0.0">
    <failure type="org.testng.TestNGException" message="
Parameter &amp;apos;name1&amp;apos; is required by @Test on method f1 but has not been marked @Optional or defined
in D:\WorkSpace\NewMaven\Checking.xml">
      <![CDATA[org.testng.TestNGException: 
Parameter 'name1' is required by @Test on method f1 but has not been marked @Optional or defined
in D:\WorkSpace\NewMaven\Checking.xml
at java.base/java.util.ArrayList.forEach(ArrayList.java:1540)
... Removed 27 stack frames]]>
    </failure>
  </testcase> <!-- f1 -->
  <testcase classname="com.app.test.Param" name="f2" time="0.0">
    <failure type="org.testng.TestNGException" message="
Parameter &amp;apos;browser&amp;apos; is required by @Test on method f2 but has not been marked @Optional or defined
in D:\WorkSpace\NewMaven\Checking.xml">
      <![CDATA[org.testng.TestNGException: 
Parameter 'browser' is required by @Test on method f2 but has not been marked @Optional or defined
in D:\WorkSpace\NewMaven\Checking.xml
at java.base/java.util.ArrayList.forEach(ArrayList.java:1540)
... Removed 27 stack frames]]>
    </failure>
  </testcase> <!-- f2 -->
  <testcase classname="com.app.test.PriorityAnnotation" name="m1" time="0.002"/>
  <testcase classname="com.app.test.PriorityAnnotation" name="Testplan" time="0.003"/>
  <testcase classname="com.app.test.PriorityTest" name="m2" time="0.003"/>
  <testcase classname="com.app.test.PriorityTest" name="m4" time="0.006"/>
  <testcase classname="com.app.test.PriorityTest" name="m3" time="0.002"/>
  <testcase classname="com.app.test.PriorityTest" name="m5" time="0.002"/>
  <testcase classname="com.app.test.PriorityTest" name="m1" time="0.002"/>
  <testcase classname="com.app.test.SkipTest" name="m1" time="0.0">
    <ignored/>
  </testcase> <!-- m1 -->
  <testcase classname="com.app.test.Grouping" name="f2" time="0.0">
    <ignored/>
  </testcase> <!-- f2 -->
  <testcase classname="com.app.test.SkipTest" name="m2" time="0.0">
    <ignored/>
  </testcase> <!-- m2 -->
</testsuite> <!-- Hello -->
